2018-03-09 18:16:43 +0000  Initial pipeline context: <IDEDistributionProcessingPipelineContext: 0x7fa91bc7ee10; archive(resolved)='<IDEArchive: 0x7fa9172c19d0>', distributionTask(resolved)='2', distributionMethod(resolved)='<IDEDistributionMethodAdHoc: 0x7fa9171c2f70>', team(resolved)='<IDEProvisioningBasicTeam 0x7fa9164308d0: teamID: 2JJZ96P8P5, teamName: CA, Inc. (Ent)>'>
	Chain (11, self inclusive):
	<IDEDistributionProcessingPipelineContext: 0x7fa91bc7ee10; archive = '<IDEArchive: 0x7fa9172c19d0>', distributionMethod='<IDEDistributionMethodAdHoc: 0x7fa9171c2f70>', team='<IDEProvisioningBasicTeam 0x7fa9164308d0: teamID: 2JJZ96P8P5, teamName: CA, Inc. (Ent)>'>
	<IDEDistributionProcessingPipelineContext: 0x7fa91b9f3290; archive = '<IDEArchive: 0x7fa9172c19d0>', distributionMethod='<IDEDistributionMethodAdHoc: 0x7fa9171c2f70>', team='<IDEProvisioningBasicTeam 0x7fa9164308d0: teamID: 2JJZ96P8P5, teamName: CA, Inc. (Ent)>'>
	<IDEDistributionContext: 0x7fa91ac96a20; archive = '<IDEArchive: 0x7fa9172c19d0>', distributionMethod='<IDEDistributionMethodAdHoc: 0x7fa9171c2f70>', team='<IDEProvisioningBasicTeam 0x7fa9164308d0: teamID: 2JJZ96P8P5, teamName: CA, Inc. (Ent)>'>
	<IDEDistributionContext: 0x7fa915127090; archive = '<IDEArchive: 0x7fa9172c19d0>', distributionMethod='<IDEDistributionMethodAdHoc: 0x7fa9171c2f70>', team='<IDEProvisioningBasicTeam 0x7fa9164308d0: teamID: 2JJZ96P8P5, teamName: CA, Inc. (Ent)>'>
	<IDEDistributionContext: 0x7fa917c178c0; archive = '<IDEArchive: 0x7fa9172c19d0>', distributionMethod='<IDEDistributionMethodAdHoc: 0x7fa9171c2f70>', team='<IDEProvisioningBasicTeam 0x7fa9164308d0: teamID: 2JJZ96P8P5, teamName: CA, Inc. (Ent)>'>
	<IDEDistributionContext: 0x7fa91b808370; archive = '<IDEArchive: 0x7fa9172c19d0>', distributionMethod='<IDEDistributionMethodAdHoc: 0x7fa9171c2f70>', team='<IDEProvisioningBasicTeam 0x7fa9164308d0: teamID: 2JJZ96P8P5, teamName: CA, Inc. (Ent)>'>
	<IDEDistributionContext: 0x7fa91ab95a10; archive = '<IDEArchive: 0x7fa9172c19d0>', distributionMethod='<IDEDistributionMethodAdHoc: 0x7fa9171c2f70>', team='<IDEProvisioningBasicTeam 0x7fa9164308d0: teamID: 2JJZ96P8P5, teamName: CA, Inc. (Ent)>'>
	<IDEDistributionContext: 0x7fa91aa9a230; archive = '<IDEArchive: 0x7fa9172c19d0>', distributionMethod='<IDEDistributionMethodAdHoc: 0x7fa9171c2f70>', team='<IDEProvisioningBasicTeam 0x7fa9164308d0: teamID: 2JJZ96P8P5, teamName: CA, Inc. (Ent)>'>
	<IDEDistributionContext: 0x7fa91a93e5f0; archive = '<IDEArchive: 0x7fa9172c19d0>', distributionMethod='<IDEDistributionMethodAdHoc: 0x7fa9171c2f70>', team='<IDEProvisioningBasicTeam 0x7fa9164308d0: teamID: 2JJZ96P8P5, teamName: CA, Inc. (Ent)>'>
	<IDEDistributionContext: 0x7fa91a8acb60; archive = '<IDEArchive: 0x7fa9172c19d0>', distributionMethod='<IDEDistributionMethodAdHoc: 0x7fa9171c2f70>', team='(null)'>
	<IDEDistributionContext: 0x7fa91a900580; archive = '<IDEArchive: 0x7fa9172c19d0>', distributionMethod='(null)', team='(null)'>
</IDEDistributionProcessingPipelineContext: 0x7fa91bc7ee10>
2018-03-09 18:16:43 +0000  Processing step: IDEDistributionCreateDestRootStep
2018-03-09 18:16:43 +0000  Processing step: IDEDistributionCopyItemStep
2018-03-09 18:16:43 +0000  Running /usr/bin/ditto '-V' '/Users/jamvi01/Library/Developer/Xcode/Archives/2018-03-09/BlazeDemo 3-9-18, 10.05 AM.xcarchive/Products/Applications/BlazeDemo.app' '/var/folders/rf/3bs3nmnd53s12sk1lz6f5rq51rdg4f/T/XcodeDistPipeline.GjA/Root/Payload/BlazeDemo.app'
2018-03-09 18:16:43 +0000  >>> Copying /Users/jamvi01/Library/Developer/Xcode/Archives/2018-03-09/BlazeDemo 3-9-18, 10.05 AM.xcarchive/Products/Applications/BlazeDemo.app 
2018-03-09 18:16:43 +0000  copying file ./_CodeSignature/CodeResources ... 
2018-03-09 18:16:43 +0000  8645 bytes for ./_CodeSignature/CodeResources
2018-03-09 18:16:43 +0000  copying file ./archived-expanded-entitlements.xcent ... 
2018-03-09 18:16:43 +0000  362 bytes for ./archived-expanded-entitlements.xcent
2018-03-09 18:16:43 +0000  copying file ./Base.lproj/LaunchScreen.storyboardc/01J-lp-oVM-view-Ze5-6b-2t3.nib ... 
2018-03-09 18:16:43 +0000  1988 bytes for ./Base.lproj/LaunchScreen.storyboardc/01J-lp-oVM-view-Ze5-6b-2t3.nib
2018-03-09 18:16:43 +0000  copying file ./Base.lproj/LaunchScreen.storyboardc/Info.plist ... 
2018-03-09 18:16:43 +0000  258 bytes for ./Base.lproj/LaunchScreen.storyboardc/Info.plist
copying file ./Base.lproj/LaunchScreen.storyboardc/UIViewController-01J-lp-oVM.nib ... 
2018-03-09 18:16:43 +0000  832 bytes for ./Base.lproj/LaunchScreen.storyboardc/UIViewController-01J-lp-oVM.nib
2018-03-09 18:16:43 +0000  copying file ./Base.lproj/Main.storyboardc/Info.plist ... 
2018-03-09 18:16:43 +0000  258 bytes for ./Base.lproj/Main.storyboardc/Info.plist
2018-03-09 18:16:43 +0000  copying file ./Base.lproj/Main.storyboardc/UIViewController-BYZ-38-t0r.nib ... 
2018-03-09 18:16:43 +0000  821 bytes for ./Base.lproj/Main.storyboardc/UIViewController-BYZ-38-t0r.nib
copying file ./BlazeDemo ... 
2018-03-09 18:16:43 +0000  365216 bytes for ./BlazeDemo
copying file ./embedded.mobileprovision ... 
2018-03-09 18:16:43 +0000  147625 bytes for ./embedded.mobileprovision
2018-03-09 18:16:43 +0000  copying file ./Frameworks/libswiftCore.dylib ... 
2018-03-09 18:16:43 +0000  68838896 bytes for ./Frameworks/libswiftCore.dylib
copying file ./Frameworks/libswiftCoreFoundation.dylib ... 
2018-03-09 18:16:43 +0000  257648 bytes for ./Frameworks/libswiftCoreFoundation.dylib
copying file ./Frameworks/libswiftCoreGraphics.dylib ... 
1268784 bytes for ./Frameworks/libswiftCoreGraphics.dylib
copying file ./Frameworks/libswiftCoreImage.dylib ... 
258208 bytes for ./Frameworks/libswiftCoreImage.dylib
copying file ./Frameworks/libswiftDarwin.dylib ... 
2018-03-09 18:16:43 +0000  599216 bytes for ./Frameworks/libswiftDarwin.dylib
copying file ./Frameworks/libswiftDispatch.dylib ... 
2018-03-09 18:16:43 +0000  2440688 bytes for ./Frameworks/libswiftDispatch.dylib
2018-03-09 18:16:43 +0000  copying file ./Frameworks/libswiftFoundation.dylib ... 
2018-03-09 18:16:43 +0000  27746432 bytes for ./Frameworks/libswiftFoundation.dylib
2018-03-09 18:16:43 +0000  copying file ./Frameworks/libswiftMetal.dylib ... 
399328 bytes for ./Frameworks/libswiftMetal.dylib
copying file ./Frameworks/libswiftObjectiveC.dylib ... 
505728 bytes for ./Frameworks/libswiftObjectiveC.dylib
copying file ./Frameworks/libswiftos.dylib ... 
446336 bytes for ./Frameworks/libswiftos.dylib
copying file ./Frameworks/libswiftQuartzCore.dylib ... 
2018-03-09 18:16:43 +0000  310928 bytes for ./Frameworks/libswiftQuartzCore.dylib
copying file ./Frameworks/libswiftUIKit.dylib ... 
2018-03-09 18:16:43 +0000  789136 bytes for ./Frameworks/libswiftUIKit.dylib
2018-03-09 18:16:43 +0000  copying file ./Info.plist ... 
2018-03-09 18:16:43 +0000  1192 bytes for ./Info.plist
copying file ./PkgInfo ... 
2018-03-09 18:16:43 +0000  8 bytes for ./PkgInfo
2018-03-09 18:16:43 +0000  /usr/bin/ditto exited with 0
2018-03-09 18:16:43 +0000  Processing step: IDEDistributionEmbedProfileStep
2018-03-09 18:16:43 +0000  Skipping profile for item: <IDEDistributionItem: 0x7fa91b822c20 'com.apple.dt.runtime.swiftCore' '<DVTFilePath:0x7fa915022720:'/Users/jamvi01/Library/Developer/Xcode/Archives/2018-03-09/BlazeDemo 3-9-18, 10.05 AM.xcarchive/Products/Applications/BlazeDemo.app/Frameworks/libswiftCore.dylib'>'>
2018-03-09 18:16:43 +0000  Skipping profile for item: <IDEDistributionItem: 0x7fa91af24790 'com.apple.dt.runtime.swiftCoreFoundation' '<DVTFilePath:0x7fa91b8da790:'/Users/jamvi01/Library/Developer/Xcode/Archives/2018-03-09/BlazeDemo 3-9-18, 10.05 AM.xcarchive/Products/Applications/BlazeDemo.app/Frameworks/libswiftCoreFoundation.dylib'>'>
2018-03-09 18:16:43 +0000  Skipping profile for item: <IDEDistributionItem: 0x7fa91af41380 'com.apple.dt.runtime.swiftCoreGraphics' '<DVTFilePath:0x7fa91aeed2f0:'/Users/jamvi01/Library/Developer/Xcode/Archives/2018-03-09/BlazeDemo 3-9-18, 10.05 AM.xcarchive/Products/Applications/BlazeDemo.app/Frameworks/libswiftCoreGraphics.dylib'>'>
2018-03-09 18:16:43 +0000  Skipping profile for item: <IDEDistributionItem: 0x7fa91abe97b0 'com.apple.dt.runtime.swiftCoreImage' '<DVTFilePath:0x7fa91b8da5c0:'/Users/jamvi01/Library/Developer/Xcode/Archives/2018-03-09/BlazeDemo 3-9-18, 10.05 AM.xcarchive/Products/Applications/BlazeDemo.app/Frameworks/libswiftCoreImage.dylib'>'>
2018-03-09 18:16:43 +0000  Skipping profile for item: <IDEDistributionItem: 0x7fa915f8a500 'com.apple.dt.runtime.swiftDarwin' '<DVTFilePath:0x7fa9151c2e40:'/Users/jamvi01/Library/Developer/Xcode/Archives/2018-03-09/BlazeDemo 3-9-18, 10.05 AM.xcarchive/Products/Applications/BlazeDemo.app/Frameworks/libswiftDarwin.dylib'>'>
2018-03-09 18:16:43 +0000  Skipping profile for item: <IDEDistributionItem: 0x7fa91aa57b80 'com.apple.dt.runtime.swiftDispatch' '<DVTFilePath:0x7fa9151b4ec0:'/Users/jamvi01/Library/Developer/Xcode/Archives/2018-03-09/BlazeDemo 3-9-18, 10.05 AM.xcarchive/Products/Applications/BlazeDemo.app/Frameworks/libswiftDispatch.dylib'>'>
2018-03-09 18:16:43 +0000  Skipping profile for item: <IDEDistributionItem: 0x7fa91aba8170 'com.apple.dt.runtime.swiftFoundation' '<DVTFilePath:0x7fa915170c00:'/Users/jamvi01/Library/Developer/Xcode/Archives/2018-03-09/BlazeDemo 3-9-18, 10.05 AM.xcarchive/Products/Applications/BlazeDemo.app/Frameworks/libswiftFoundation.dylib'>'>
2018-03-09 18:16:43 +0000  Skipping profile for item: <IDEDistributionItem: 0x7fa91afed510 'com.apple.dt.runtime.swiftMetal' '<DVTFilePath:0x7fa91af841a0:'/Users/jamvi01/Library/Developer/Xcode/Archives/2018-03-09/BlazeDemo 3-9-18, 10.05 AM.xcarchive/Products/Applications/BlazeDemo.app/Frameworks/libswiftMetal.dylib'>'>
2018-03-09 18:16:43 +0000  Skipping profile for item: <IDEDistributionItem: 0x7fa91aeee9f0 'com.apple.dt.runtime.swiftObjectiveC' '<DVTFilePath:0x7fa91a8e7280:'/Users/jamvi01/Library/Developer/Xcode/Archives/2018-03-09/BlazeDemo 3-9-18, 10.05 AM.xcarchive/Products/Applications/BlazeDemo.app/Frameworks/libswiftObjectiveC.dylib'>'>
2018-03-09 18:16:43 +0000  Skipping profile for item: <IDEDistributionItem: 0x7fa91ac25550 'com.apple.dt.runtime.swiftQuartzCore' '<DVTFilePath:0x7fa91ad23540:'/Users/jamvi01/Library/Developer/Xcode/Archives/2018-03-09/BlazeDemo 3-9-18, 10.05 AM.xcarchive/Products/Applications/BlazeDemo.app/Frameworks/libswiftQuartzCore.dylib'>'>
2018-03-09 18:16:43 +0000  Skipping profile for item: <IDEDistributionItem: 0x7fa91aa2db20 'com.apple.dt.runtime.swiftUIKit' '<DVTFilePath:0x7fa91502a9a0:'/Users/jamvi01/Library/Developer/Xcode/Archives/2018-03-09/BlazeDemo 3-9-18, 10.05 AM.xcarchive/Products/Applications/BlazeDemo.app/Frameworks/libswiftUIKit.dylib'>'>
2018-03-09 18:16:43 +0000  Skipping profile for item: <IDEDistributionItem: 0x7fa91af3e6b0 'com.apple.dt.runtime.swiftos' '<DVTFilePath:0x7fa91a816af0:'/Users/jamvi01/Library/Developer/Xcode/Archives/2018-03-09/BlazeDemo 3-9-18, 10.05 AM.xcarchive/Products/Applications/BlazeDemo.app/Frameworks/libswiftos.dylib'>'>
2018-03-09 18:16:43 +0000  Processing step: IDEDistributionAppThinningPlistStep
2018-03-09 18:16:43 +0000  Skipping step: IDEDistributionAppThinningPlistStep because it said so
2018-03-09 18:16:43 +0000  Processing step: IDEDistributionCompileBitcodeStep
2018-03-09 18:16:43 +0000  Skipping step: IDEDistributionCompileBitcodeStep because it said so
2018-03-09 18:16:43 +0000  Processing step: IDEDistributionCodeSlimmingStep
2018-03-09 18:16:43 +0000  Processing step: IDEDistributionCopyBCSymbolMapsStep
2018-03-09 18:16:43 +0000  Skipping step: IDEDistributionCopyBCSymbolMapsStep because it said so
2018-03-09 18:16:43 +0000  Skipping step: IDEDistributionCopyBCSymbolMapsStep because it said so
2018-03-09 18:16:43 +0000  Skipping step: IDEDistributionCopyBCSymbolMapsStep because it said so
2018-03-09 18:16:43 +0000  Skipping step: IDEDistributionCopyBCSymbolMapsStep because it said so
2018-03-09 18:16:43 +0000  Skipping step: IDEDistributionCopyBCSymbolMapsStep because it said so
2018-03-09 18:16:43 +0000  Skipping step: IDEDistributionCopyBCSymbolMapsStep because it said so
2018-03-09 18:16:43 +0000  Skipping step: IDEDistributionCopyBCSymbolMapsStep because it said so
2018-03-09 18:16:43 +0000  Skipping step: IDEDistributionCopyBCSymbolMapsStep because it said so
2018-03-09 18:16:43 +0000  Skipping step: IDEDistributionCopyBCSymbolMapsStep because it said so
2018-03-09 18:16:43 +0000  Skipping step: IDEDistributionCopyBCSymbolMapsStep because it said so
2018-03-09 18:16:43 +0000  Skipping step: IDEDistributionCopyBCSymbolMapsStep because it said so
2018-03-09 18:16:43 +0000  Skipping step: IDEDistributionCopyBCSymbolMapsStep because it said so
2018-03-09 18:16:43 +0000  Skipping step: IDEDistributionCopyBCSymbolMapsStep because it said so
2018-03-09 18:16:43 +0000  Processing step: IDEDistributionSymbolsStep
2018-03-09 18:16:43 +0000  Skipping step: IDEDistributionSymbolsStep because it said so
2018-03-09 18:16:43 +0000  Skipping step: IDEDistributionSymbolsStep because it said so
2018-03-09 18:16:43 +0000  Skipping step: IDEDistributionSymbolsStep because it said so
2018-03-09 18:16:43 +0000  Skipping step: IDEDistributionSymbolsStep because it said so
2018-03-09 18:16:43 +0000  Skipping step: IDEDistributionSymbolsStep because it said so
2018-03-09 18:16:43 +0000  Skipping step: IDEDistributionSymbolsStep because it said so
2018-03-09 18:16:43 +0000  Skipping step: IDEDistributionSymbolsStep because it said so
2018-03-09 18:16:43 +0000  Skipping step: IDEDistributionSymbolsStep because it said so
2018-03-09 18:16:43 +0000  Skipping step: IDEDistributionSymbolsStep because it said so
2018-03-09 18:16:43 +0000  Skipping step: IDEDistributionSymbolsStep because it said so
2018-03-09 18:16:43 +0000  Skipping step: IDEDistributionSymbolsStep because it said so
2018-03-09 18:16:43 +0000  Skipping step: IDEDistributionSymbolsStep because it said so
2018-03-09 18:16:43 +0000  Skipping step: IDEDistributionSymbolsStep because it said so
2018-03-09 18:16:43 +0000  Processing step: IDEDistributionAppThinningStep
2018-03-09 18:16:43 +0000  Skipping step: IDEDistributionAppThinningStep because it said so
2018-03-09 18:16:43 +0000  Processing step: IDEDistributionODRStep
2018-03-09 18:16:43 +0000  Processing step: IDEDistributionStripXattrsStep
2018-03-09 18:16:43 +0000  Skipping stripping extended attributes of item: <IDEDistributionItem: 0x7fa91b822c20 'com.apple.dt.runtime.swiftCore' '<DVTFilePath:0x7fa915022720:'/Users/jamvi01/Library/Developer/Xcode/Archives/2018-03-09/BlazeDemo 3-9-18, 10.05 AM.xcarchive/Products/Applications/BlazeDemo.app/Frameworks/libswiftCore.dylib'>'>
2018-03-09 18:16:43 +0000  Skipping stripping extended attributes of item: <IDEDistributionItem: 0x7fa91af24790 'com.apple.dt.runtime.swiftCoreFoundation' '<DVTFilePath:0x7fa91b8da790:'/Users/jamvi01/Library/Developer/Xcode/Archives/2018-03-09/BlazeDemo 3-9-18, 10.05 AM.xcarchive/Products/Applications/BlazeDemo.app/Frameworks/libswiftCoreFoundation.dylib'>'>
2018-03-09 18:16:43 +0000  Skipping stripping extended attributes of item: <IDEDistributionItem: 0x7fa91af41380 'com.apple.dt.runtime.swiftCoreGraphics' '<DVTFilePath:0x7fa91aeed2f0:'/Users/jamvi01/Library/Developer/Xcode/Archives/2018-03-09/BlazeDemo 3-9-18, 10.05 AM.xcarchive/Products/Applications/BlazeDemo.app/Frameworks/libswiftCoreGraphics.dylib'>'>
2018-03-09 18:16:43 +0000  Skipping stripping extended attributes of item: <IDEDistributionItem: 0x7fa91abe97b0 'com.apple.dt.runtime.swiftCoreImage' '<DVTFilePath:0x7fa91b8da5c0:'/Users/jamvi01/Library/Developer/Xcode/Archives/2018-03-09/BlazeDemo 3-9-18, 10.05 AM.xcarchive/Products/Applications/BlazeDemo.app/Frameworks/libswiftCoreImage.dylib'>'>
2018-03-09 18:16:43 +0000  Skipping stripping extended attributes of item: <IDEDistributionItem: 0x7fa915f8a500 'com.apple.dt.runtime.swiftDarwin' '<DVTFilePath:0x7fa9151c2e40:'/Users/jamvi01/Library/Developer/Xcode/Archives/2018-03-09/BlazeDemo 3-9-18, 10.05 AM.xcarchive/Products/Applications/BlazeDemo.app/Frameworks/libswiftDarwin.dylib'>'>
2018-03-09 18:16:43 +0000  Skipping stripping extended attributes of item: <IDEDistributionItem: 0x7fa91aa57b80 'com.apple.dt.runtime.swiftDispatch' '<DVTFilePath:0x7fa9151b4ec0:'/Users/jamvi01/Library/Developer/Xcode/Archives/2018-03-09/BlazeDemo 3-9-18, 10.05 AM.xcarchive/Products/Applications/BlazeDemo.app/Frameworks/libswiftDispatch.dylib'>'>
2018-03-09 18:16:43 +0000  Skipping stripping extended attributes of item: <IDEDistributionItem: 0x7fa91aba8170 'com.apple.dt.runtime.swiftFoundation' '<DVTFilePath:0x7fa915170c00:'/Users/jamvi01/Library/Developer/Xcode/Archives/2018-03-09/BlazeDemo 3-9-18, 10.05 AM.xcarchive/Products/Applications/BlazeDemo.app/Frameworks/libswiftFoundation.dylib'>'>
2018-03-09 18:16:43 +0000  Skipping stripping extended attributes of item: <IDEDistributionItem: 0x7fa91afed510 'com.apple.dt.runtime.swiftMetal' '<DVTFilePath:0x7fa91af841a0:'/Users/jamvi01/Library/Developer/Xcode/Archives/2018-03-09/BlazeDemo 3-9-18, 10.05 AM.xcarchive/Products/Applications/BlazeDemo.app/Frameworks/libswiftMetal.dylib'>'>
2018-03-09 18:16:43 +0000  Skipping stripping extended attributes of item: <IDEDistributionItem: 0x7fa91aeee9f0 'com.apple.dt.runtime.swiftObjectiveC' '<DVTFilePath:0x7fa91a8e7280:'/Users/jamvi01/Library/Developer/Xcode/Archives/2018-03-09/BlazeDemo 3-9-18, 10.05 AM.xcarchive/Products/Applications/BlazeDemo.app/Frameworks/libswiftObjectiveC.dylib'>'>
2018-03-09 18:16:43 +0000  Skipping stripping extended attributes of item: <IDEDistributionItem: 0x7fa91ac25550 'com.apple.dt.runtime.swiftQuartzCore' '<DVTFilePath:0x7fa91ad23540:'/Users/jamvi01/Library/Developer/Xcode/Archives/2018-03-09/BlazeDemo 3-9-18, 10.05 AM.xcarchive/Products/Applications/BlazeDemo.app/Frameworks/libswiftQuartzCore.dylib'>'>
2018-03-09 18:16:43 +0000  Skipping stripping extended attributes of item: <IDEDistributionItem: 0x7fa91aa2db20 'com.apple.dt.runtime.swiftUIKit' '<DVTFilePath:0x7fa91502a9a0:'/Users/jamvi01/Library/Developer/Xcode/Archives/2018-03-09/BlazeDemo 3-9-18, 10.05 AM.xcarchive/Products/Applications/BlazeDemo.app/Frameworks/libswiftUIKit.dylib'>'>
2018-03-09 18:16:43 +0000  Skipping stripping extended attributes of item: <IDEDistributionItem: 0x7fa91af3e6b0 'com.apple.dt.runtime.swiftos' '<DVTFilePath:0x7fa91a816af0:'/Users/jamvi01/Library/Developer/Xcode/Archives/2018-03-09/BlazeDemo 3-9-18, 10.05 AM.xcarchive/Products/Applications/BlazeDemo.app/Frameworks/libswiftos.dylib'>'>
2018-03-09 18:16:43 +0000  Running /usr/bin/xattr '-crs' '/var/folders/rf/3bs3nmnd53s12sk1lz6f5rq51rdg4f/T/XcodeDistPipeline.GjA/Root/Payload/BlazeDemo.app'
2018-03-09 18:16:43 +0000  /usr/bin/xattr exited with 0
2018-03-09 18:16:43 +0000  Processing step: IDEDistributionCodesignStep
2018-03-09 18:16:43 +0000  Applying entitlements delta for <IDEDistributionItem: 0x7fa91b822c20 'com.apple.dt.runtime.swiftCore' '<DVTFilePath:0x7fa915022720:'/Users/jamvi01/Library/Developer/Xcode/Archives/2018-03-09/BlazeDemo 3-9-18, 10.05 AM.xcarchive/Products/Applications/BlazeDemo.app/Frameworks/libswiftCore.dylib'>'> from <IDEiCloudEntitlementsProcessor: 0x7fa9151d3190>: {
}
2018-03-09 18:16:43 +0000  Entitlements for <IDEDistributionItem: 0x7fa91b822c20 'com.apple.dt.runtime.swiftCore' '<DVTFilePath:0x7fa915022720:'/Users/jamvi01/Library/Developer/Xcode/Archives/2018-03-09/BlazeDemo 3-9-18, 10.05 AM.xcarchive/Products/Applications/BlazeDemo.app/Frameworks/libswiftCore.dylib'>'>: {
}
2018-03-09 18:16:43 +0000  Writing entitlements for <IDEDistributionItem: 0x7fa91b822c20 'com.apple.dt.runtime.swiftCore' '<DVTFilePath:0x7fa915022720:'/Users/jamvi01/Library/Developer/Xcode/Archives/2018-03-09/BlazeDemo 3-9-18, 10.05 AM.xcarchive/Products/Applications/BlazeDemo.app/Frameworks/libswiftCore.dylib'>'> to: /var/folders/rf/3bs3nmnd53s12sk1lz6f5rq51rdg4f/T/XcodeDistPipeline.GjA/entitlementsLHVnOF
2018-03-09 18:16:43 +0000  Running /usr/bin/codesign '-vvv' '--force' '--sign' 'F4898C061B3856DF9F015E7EAA7305A4BB3E486F' '--preserve-metadata=identifier,flags' '--entitlements' '/var/folders/rf/3bs3nmnd53s12sk1lz6f5rq51rdg4f/T/XcodeDistPipeline.GjA/entitlementsLHVnOF' '/var/folders/rf/3bs3nmnd53s12sk1lz6f5rq51rdg4f/T/XcodeDistPipeline.GjA/Root/Payload/BlazeDemo.app/Frameworks/libswiftCore.dylib'
2018-03-09 18:16:44 +0000  /var/folders/rf/3bs3nmnd53s12sk1lz6f5rq51rdg4f/T/XcodeDistPipeline.GjA/Root/Payload/BlazeDemo.app/Frameworks/libswiftCore.dylib: signed Mach-O universal (armv7 armv7s arm64) [com.apple.dt.runtime.swiftCore]
2018-03-09 18:16:44 +0000  /usr/bin/codesign exited with 0
2018-03-09 18:16:44 +0000  Applying entitlements delta for <IDEDistributionItem: 0x7fa91af24790 'com.apple.dt.runtime.swiftCoreFoundation' '<DVTFilePath:0x7fa91b8da790:'/Users/jamvi01/Library/Developer/Xcode/Archives/2018-03-09/BlazeDemo 3-9-18, 10.05 AM.xcarchive/Products/Applications/BlazeDemo.app/Frameworks/libswiftCoreFoundation.dylib'>'> from <IDEiCloudEntitlementsProcessor: 0x7fa91a957400>: {
}
2018-03-09 18:16:44 +0000  Entitlements for <IDEDistributionItem: 0x7fa91af24790 'com.apple.dt.runtime.swiftCoreFoundation' '<DVTFilePath:0x7fa91b8da790:'/Users/jamvi01/Library/Developer/Xcode/Archives/2018-03-09/BlazeDemo 3-9-18, 10.05 AM.xcarchive/Products/Applications/BlazeDemo.app/Frameworks/libswiftCoreFoundation.dylib'>'>: {
}
2018-03-09 18:16:44 +0000  Writing entitlements for <IDEDistributionItem: 0x7fa91af24790 'com.apple.dt.runtime.swiftCoreFoundation' '<DVTFilePath:0x7fa91b8da790:'/Users/jamvi01/Library/Developer/Xcode/Archives/2018-03-09/BlazeDemo 3-9-18, 10.05 AM.xcarchive/Products/Applications/BlazeDemo.app/Frameworks/libswiftCoreFoundation.dylib'>'> to: /var/folders/rf/3bs3nmnd53s12sk1lz6f5rq51rdg4f/T/XcodeDistPipeline.GjA/entitlementseyN9p9
2018-03-09 18:16:44 +0000  Running /usr/bin/codesign '-vvv' '--force' '--sign' 'F4898C061B3856DF9F015E7EAA7305A4BB3E486F' '--preserve-metadata=identifier,flags' '--entitlements' '/var/folders/rf/3bs3nmnd53s12sk1lz6f5rq51rdg4f/T/XcodeDistPipeline.GjA/entitlementseyN9p9' '/var/folders/rf/3bs3nmnd53s12sk1lz6f5rq51rdg4f/T/XcodeDistPipeline.GjA/Root/Payload/BlazeDemo.app/Frameworks/libswiftCoreFoundation.dylib'
2018-03-09 18:16:44 +0000  /var/folders/rf/3bs3nmnd53s12sk1lz6f5rq51rdg4f/T/XcodeDistPipeline.GjA/Root/Payload/BlazeDemo.app/Frameworks/libswiftCoreFoundation.dylib: signed Mach-O universal (armv7 armv7s arm64) [com.apple.dt.runtime.swiftCoreFoundation]
2018-03-09 18:16:44 +0000  /usr/bin/codesign exited with 0
2018-03-09 18:16:44 +0000  Applying entitlements delta for <IDEDistributionItem: 0x7fa91af41380 'com.apple.dt.runtime.swiftCoreGraphics' '<DVTFilePath:0x7fa91aeed2f0:'/Users/jamvi01/Library/Developer/Xcode/Archives/2018-03-09/BlazeDemo 3-9-18, 10.05 AM.xcarchive/Products/Applications/BlazeDemo.app/Frameworks/libswiftCoreGraphics.dylib'>'> from <IDEiCloudEntitlementsProcessor: 0x7fa9151d0e40>: {
}
2018-03-09 18:16:44 +0000  Entitlements for <IDEDistributionItem: 0x7fa91af41380 'com.apple.dt.runtime.swiftCoreGraphics' '<DVTFilePath:0x7fa91aeed2f0:'/Users/jamvi01/Library/Developer/Xcode/Archives/2018-03-09/BlazeDemo 3-9-18, 10.05 AM.xcarchive/Products/Applications/BlazeDemo.app/Frameworks/libswiftCoreGraphics.dylib'>'>: {
}
2018-03-09 18:16:44 +0000  Writing entitlements for <IDEDistributionItem: 0x7fa91af41380 'com.apple.dt.runtime.swiftCoreGraphics' '<DVTFilePath:0x7fa91aeed2f0:'/Users/jamvi01/Library/Developer/Xcode/Archives/2018-03-09/BlazeDemo 3-9-18, 10.05 AM.xcarchive/Products/Applications/BlazeDemo.app/Frameworks/libswiftCoreGraphics.dylib'>'> to: /var/folders/rf/3bs3nmnd53s12sk1lz6f5rq51rdg4f/T/XcodeDistPipeline.GjA/entitlementsJsn9gs
2018-03-09 18:16:44 +0000  Running /usr/bin/codesign '-vvv' '--force' '--sign' 'F4898C061B3856DF9F015E7EAA7305A4BB3E486F' '--preserve-metadata=identifier,flags' '--entitlements' '/var/folders/rf/3bs3nmnd53s12sk1lz6f5rq51rdg4f/T/XcodeDistPipeline.GjA/entitlementsJsn9gs' '/var/folders/rf/3bs3nmnd53s12sk1lz6f5rq51rdg4f/T/XcodeDistPipeline.GjA/Root/Payload/BlazeDemo.app/Frameworks/libswiftCoreGraphics.dylib'
2018-03-09 18:16:44 +0000  /var/folders/rf/3bs3nmnd53s12sk1lz6f5rq51rdg4f/T/XcodeDistPipeline.GjA/Root/Payload/BlazeDemo.app/Frameworks/libswiftCoreGraphics.dylib: signed Mach-O universal (armv7 armv7s arm64) [com.apple.dt.runtime.swiftCoreGraphics]
2018-03-09 18:16:44 +0000  /usr/bin/codesign exited with 0
2018-03-09 18:16:44 +0000  Applying entitlements delta for <IDEDistributionItem: 0x7fa91abe97b0 'com.apple.dt.runtime.swiftCoreImage' '<DVTFilePath:0x7fa91b8da5c0:'/Users/jamvi01/Library/Developer/Xcode/Archives/2018-03-09/BlazeDemo 3-9-18, 10.05 AM.xcarchive/Products/Applications/BlazeDemo.app/Frameworks/libswiftCoreImage.dylib'>'> from <IDEiCloudEntitlementsProcessor: 0x7fa9151bc290>: {
}
2018-03-09 18:16:44 +0000  Entitlements for <IDEDistributionItem: 0x7fa91abe97b0 'com.apple.dt.runtime.swiftCoreImage' '<DVTFilePath:0x7fa91b8da5c0:'/Users/jamvi01/Library/Developer/Xcode/Archives/2018-03-09/BlazeDemo 3-9-18, 10.05 AM.xcarchive/Products/Applications/BlazeDemo.app/Frameworks/libswiftCoreImage.dylib'>'>: {
}
2018-03-09 18:16:44 +0000  Writing entitlements for <IDEDistributionItem: 0x7fa91abe97b0 'com.apple.dt.runtime.swiftCoreImage' '<DVTFilePath:0x7fa91b8da5c0:'/Users/jamvi01/Library/Developer/Xcode/Archives/2018-03-09/BlazeDemo 3-9-18, 10.05 AM.xcarchive/Products/Applications/BlazeDemo.app/Frameworks/libswiftCoreImage.dylib'>'> to: /var/folders/rf/3bs3nmnd53s12sk1lz6f5rq51rdg4f/T/XcodeDistPipeline.GjA/entitlementsN7gEke
2018-03-09 18:16:44 +0000  Running /usr/bin/codesign '-vvv' '--force' '--sign' 'F4898C061B3856DF9F015E7EAA7305A4BB3E486F' '--preserve-metadata=identifier,flags' '--entitlements' '/var/folders/rf/3bs3nmnd53s12sk1lz6f5rq51rdg4f/T/XcodeDistPipeline.GjA/entitlementsN7gEke' '/var/folders/rf/3bs3nmnd53s12sk1lz6f5rq51rdg4f/T/XcodeDistPipeline.GjA/Root/Payload/BlazeDemo.app/Frameworks/libswiftCoreImage.dylib'
2018-03-09 18:16:44 +0000  /var/folders/rf/3bs3nmnd53s12sk1lz6f5rq51rdg4f/T/XcodeDistPipeline.GjA/Root/Payload/BlazeDemo.app/Frameworks/libswiftCoreImage.dylib: signed Mach-O universal (armv7 armv7s arm64) [com.apple.dt.runtime.swiftCoreImage]
2018-03-09 18:16:44 +0000  /usr/bin/codesign exited with 0
2018-03-09 18:16:44 +0000  Applying entitlements delta for <IDEDistributionItem: 0x7fa915f8a500 'com.apple.dt.runtime.swiftDarwin' '<DVTFilePath:0x7fa9151c2e40:'/Users/jamvi01/Library/Developer/Xcode/Archives/2018-03-09/BlazeDemo 3-9-18, 10.05 AM.xcarchive/Products/Applications/BlazeDemo.app/Frameworks/libswiftDarwin.dylib'>'> from <IDEiCloudEntitlementsProcessor: 0x7fa91a9f04a0>: {
}
2018-03-09 18:16:44 +0000  Entitlements for <IDEDistributionItem: 0x7fa915f8a500 'com.apple.dt.runtime.swiftDarwin' '<DVTFilePath:0x7fa9151c2e40:'/Users/jamvi01/Library/Developer/Xcode/Archives/2018-03-09/BlazeDemo 3-9-18, 10.05 AM.xcarchive/Products/Applications/BlazeDemo.app/Frameworks/libswiftDarwin.dylib'>'>: {
}
2018-03-09 18:16:44 +0000  Writing entitlements for <IDEDistributionItem: 0x7fa915f8a500 'com.apple.dt.runtime.swiftDarwin' '<DVTFilePath:0x7fa9151c2e40:'/Users/jamvi01/Library/Developer/Xcode/Archives/2018-03-09/BlazeDemo 3-9-18, 10.05 AM.xcarchive/Products/Applications/BlazeDemo.app/Frameworks/libswiftDarwin.dylib'>'> to: /var/folders/rf/3bs3nmnd53s12sk1lz6f5rq51rdg4f/T/XcodeDistPipeline.GjA/entitlementsdmUVXS
2018-03-09 18:16:44 +0000  Running /usr/bin/codesign '-vvv' '--force' '--sign' 'F4898C061B3856DF9F015E7EAA7305A4BB3E486F' '--preserve-metadata=identifier,flags' '--entitlements' '/var/folders/rf/3bs3nmnd53s12sk1lz6f5rq51rdg4f/T/XcodeDistPipeline.GjA/entitlementsdmUVXS' '/var/folders/rf/3bs3nmnd53s12sk1lz6f5rq51rdg4f/T/XcodeDistPipeline.GjA/Root/Payload/BlazeDemo.app/Frameworks/libswiftDarwin.dylib'
2018-03-09 18:16:44 +0000  /var/folders/rf/3bs3nmnd53s12sk1lz6f5rq51rdg4f/T/XcodeDistPipeline.GjA/Root/Payload/BlazeDemo.app/Frameworks/libswiftDarwin.dylib: signed Mach-O universal (armv7 armv7s arm64) [com.apple.dt.runtime.swiftDarwin]
2018-03-09 18:16:44 +0000  /usr/bin/codesign exited with 0
2018-03-09 18:16:44 +0000  Applying entitlements delta for <IDEDistributionItem: 0x7fa91aa57b80 'com.apple.dt.runtime.swiftDispatch' '<DVTFilePath:0x7fa9151b4ec0:'/Users/jamvi01/Library/Developer/Xcode/Archives/2018-03-09/BlazeDemo 3-9-18, 10.05 AM.xcarchive/Products/Applications/BlazeDemo.app/Frameworks/libswiftDispatch.dylib'>'> from <IDEiCloudEntitlementsProcessor: 0x7fa917cf7440>: {
}
2018-03-09 18:16:44 +0000  Entitlements for <IDEDistributionItem: 0x7fa91aa57b80 'com.apple.dt.runtime.swiftDispatch' '<DVTFilePath:0x7fa9151b4ec0:'/Users/jamvi01/Library/Developer/Xcode/Archives/2018-03-09/BlazeDemo 3-9-18, 10.05 AM.xcarchive/Products/Applications/BlazeDemo.app/Frameworks/libswiftDispatch.dylib'>'>: {
}
2018-03-09 18:16:44 +0000  Writing entitlements for <IDEDistributionItem: 0x7fa91aa57b80 'com.apple.dt.runtime.swiftDispatch' '<DVTFilePath:0x7fa9151b4ec0:'/Users/jamvi01/Library/Developer/Xcode/Archives/2018-03-09/BlazeDemo 3-9-18, 10.05 AM.xcarchive/Products/Applications/BlazeDemo.app/Frameworks/libswiftDispatch.dylib'>'> to: /var/folders/rf/3bs3nmnd53s12sk1lz6f5rq51rdg4f/T/XcodeDistPipeline.GjA/entitlements93W5ik
2018-03-09 18:16:44 +0000  Running /usr/bin/codesign '-vvv' '--force' '--sign' 'F4898C061B3856DF9F015E7EAA7305A4BB3E486F' '--preserve-metadata=identifier,flags' '--entitlements' '/var/folders/rf/3bs3nmnd53s12sk1lz6f5rq51rdg4f/T/XcodeDistPipeline.GjA/entitlements93W5ik' '/var/folders/rf/3bs3nmnd53s12sk1lz6f5rq51rdg4f/T/XcodeDistPipeline.GjA/Root/Payload/BlazeDemo.app/Frameworks/libswiftDispatch.dylib'
2018-03-09 18:16:44 +0000  /var/folders/rf/3bs3nmnd53s12sk1lz6f5rq51rdg4f/T/XcodeDistPipeline.GjA/Root/Payload/BlazeDemo.app/Frameworks/libswiftDispatch.dylib: signed Mach-O universal (armv7 armv7s arm64) [com.apple.dt.runtime.swiftDispatch]
2018-03-09 18:16:44 +0000  /usr/bin/codesign exited with 0
2018-03-09 18:16:44 +0000  Applying entitlements delta for <IDEDistributionItem: 0x7fa91aba8170 'com.apple.dt.runtime.swiftFoundation' '<DVTFilePath:0x7fa915170c00:'/Users/jamvi01/Library/Developer/Xcode/Archives/2018-03-09/BlazeDemo 3-9-18, 10.05 AM.xcarchive/Products/Applications/BlazeDemo.app/Frameworks/libswiftFoundation.dylib'>'> from <IDEiCloudEntitlementsProcessor: 0x7fa917ce1f30>: {
}
2018-03-09 18:16:44 +0000  Entitlements for <IDEDistributionItem: 0x7fa91aba8170 'com.apple.dt.runtime.swiftFoundation' '<DVTFilePath:0x7fa915170c00:'/Users/jamvi01/Library/Developer/Xcode/Archives/2018-03-09/BlazeDemo 3-9-18, 10.05 AM.xcarchive/Products/Applications/BlazeDemo.app/Frameworks/libswiftFoundation.dylib'>'>: {
}
2018-03-09 18:16:44 +0000  Writing entitlements for <IDEDistributionItem: 0x7fa91aba8170 'com.apple.dt.runtime.swiftFoundation' '<DVTFilePath:0x7fa915170c00:'/Users/jamvi01/Library/Developer/Xcode/Archives/2018-03-09/BlazeDemo 3-9-18, 10.05 AM.xcarchive/Products/Applications/BlazeDemo.app/Frameworks/libswiftFoundation.dylib'>'> to: /var/folders/rf/3bs3nmnd53s12sk1lz6f5rq51rdg4f/T/XcodeDistPipeline.GjA/entitlementszeklGT
2018-03-09 18:16:44 +0000  Running /usr/bin/codesign '-vvv' '--force' '--sign' 'F4898C061B3856DF9F015E7EAA7305A4BB3E486F' '--preserve-metadata=identifier,flags' '--entitlements' '/var/folders/rf/3bs3nmnd53s12sk1lz6f5rq51rdg4f/T/XcodeDistPipeline.GjA/entitlementszeklGT' '/var/folders/rf/3bs3nmnd53s12sk1lz6f5rq51rdg4f/T/XcodeDistPipeline.GjA/Root/Payload/BlazeDemo.app/Frameworks/libswiftFoundation.dylib'
2018-03-09 18:16:45 +0000  /var/folders/rf/3bs3nmnd53s12sk1lz6f5rq51rdg4f/T/XcodeDistPipeline.GjA/Root/Payload/BlazeDemo.app/Frameworks/libswiftFoundation.dylib: signed Mach-O universal (armv7 armv7s arm64) [com.apple.dt.runtime.swiftFoundation]
2018-03-09 18:16:45 +0000  /usr/bin/codesign exited with 0
2018-03-09 18:16:45 +0000  Applying entitlements delta for <IDEDistributionItem: 0x7fa91afed510 'com.apple.dt.runtime.swiftMetal' '<DVTFilePath:0x7fa91af841a0:'/Users/jamvi01/Library/Developer/Xcode/Archives/2018-03-09/BlazeDemo 3-9-18, 10.05 AM.xcarchive/Products/Applications/BlazeDemo.app/Frameworks/libswiftMetal.dylib'>'> from <IDEiCloudEntitlementsProcessor: 0x7fa9160a7920>: {
}
2018-03-09 18:16:45 +0000  Entitlements for <IDEDistributionItem: 0x7fa91afed510 'com.apple.dt.runtime.swiftMetal' '<DVTFilePath:0x7fa91af841a0:'/Users/jamvi01/Library/Developer/Xcode/Archives/2018-03-09/BlazeDemo 3-9-18, 10.05 AM.xcarchive/Products/Applications/BlazeDemo.app/Frameworks/libswiftMetal.dylib'>'>: {
}
2018-03-09 18:16:45 +0000  Writing entitlements for <IDEDistributionItem: 0x7fa91afed510 'com.apple.dt.runtime.swiftMetal' '<DVTFilePath:0x7fa91af841a0:'/Users/jamvi01/Library/Developer/Xcode/Archives/2018-03-09/BlazeDemo 3-9-18, 10.05 AM.xcarchive/Products/Applications/BlazeDemo.app/Frameworks/libswiftMetal.dylib'>'> to: /var/folders/rf/3bs3nmnd53s12sk1lz6f5rq51rdg4f/T/XcodeDistPipeline.GjA/entitlementscA9Z5j
2018-03-09 18:16:45 +0000  Running /usr/bin/codesign '-vvv' '--force' '--sign' 'F4898C061B3856DF9F015E7EAA7305A4BB3E486F' '--preserve-metadata=identifier,flags' '--entitlements' '/var/folders/rf/3bs3nmnd53s12sk1lz6f5rq51rdg4f/T/XcodeDistPipeline.GjA/entitlementscA9Z5j' '/var/folders/rf/3bs3nmnd53s12sk1lz6f5rq51rdg4f/T/XcodeDistPipeline.GjA/Root/Payload/BlazeDemo.app/Frameworks/libswiftMetal.dylib'
2018-03-09 18:16:45 +0000  /var/folders/rf/3bs3nmnd53s12sk1lz6f5rq51rdg4f/T/XcodeDistPipeline.GjA/Root/Payload/BlazeDemo.app/Frameworks/libswiftMetal.dylib: signed Mach-O universal (armv7 armv7s arm64) [com.apple.dt.runtime.swiftMetal]
2018-03-09 18:16:45 +0000  /usr/bin/codesign exited with 0
2018-03-09 18:16:45 +0000  Applying entitlements delta for <IDEDistributionItem: 0x7fa91aeee9f0 'com.apple.dt.runtime.swiftObjectiveC' '<DVTFilePath:0x7fa91a8e7280:'/Users/jamvi01/Library/Developer/Xcode/Archives/2018-03-09/BlazeDemo 3-9-18, 10.05 AM.xcarchive/Products/Applications/BlazeDemo.app/Frameworks/libswiftObjectiveC.dylib'>'> from <IDEiCloudEntitlementsProcessor: 0x7fa917c1b550>: {
}
2018-03-09 18:16:45 +0000  Entitlements for <IDEDistributionItem: 0x7fa91aeee9f0 'com.apple.dt.runtime.swiftObjectiveC' '<DVTFilePath:0x7fa91a8e7280:'/Users/jamvi01/Library/Developer/Xcode/Archives/2018-03-09/BlazeDemo 3-9-18, 10.05 AM.xcarchive/Products/Applications/BlazeDemo.app/Frameworks/libswiftObjectiveC.dylib'>'>: {
}
2018-03-09 18:16:45 +0000  Writing entitlements for <IDEDistributionItem: 0x7fa91aeee9f0 'com.apple.dt.runtime.swiftObjectiveC' '<DVTFilePath:0x7fa91a8e7280:'/Users/jamvi01/Library/Developer/Xcode/Archives/2018-03-09/BlazeDemo 3-9-18, 10.05 AM.xcarchive/Products/Applications/BlazeDemo.app/Frameworks/libswiftObjectiveC.dylib'>'> to: /var/folders/rf/3bs3nmnd53s12sk1lz6f5rq51rdg4f/T/XcodeDistPipeline.GjA/entitlementsHvik9t
2018-03-09 18:16:45 +0000  Running /usr/bin/codesign '-vvv' '--force' '--sign' 'F4898C061B3856DF9F015E7EAA7305A4BB3E486F' '--preserve-metadata=identifier,flags' '--entitlements' '/var/folders/rf/3bs3nmnd53s12sk1lz6f5rq51rdg4f/T/XcodeDistPipeline.GjA/entitlementsHvik9t' '/var/folders/rf/3bs3nmnd53s12sk1lz6f5rq51rdg4f/T/XcodeDistPipeline.GjA/Root/Payload/BlazeDemo.app/Frameworks/libswiftObjectiveC.dylib'
2018-03-09 18:16:45 +0000  /var/folders/rf/3bs3nmnd53s12sk1lz6f5rq51rdg4f/T/XcodeDistPipeline.GjA/Root/Payload/BlazeDemo.app/Frameworks/libswiftObjectiveC.dylib: signed Mach-O universal (armv7 armv7s arm64) [com.apple.dt.runtime.swiftObjectiveC]
2018-03-09 18:16:45 +0000  /usr/bin/codesign exited with 0
2018-03-09 18:16:45 +0000  Applying entitlements delta for <IDEDistributionItem: 0x7fa91ac25550 'com.apple.dt.runtime.swiftQuartzCore' '<DVTFilePath:0x7fa91ad23540:'/Users/jamvi01/Library/Developer/Xcode/Archives/2018-03-09/BlazeDemo 3-9-18, 10.05 AM.xcarchive/Products/Applications/BlazeDemo.app/Frameworks/libswiftQuartzCore.dylib'>'> from <IDEiCloudEntitlementsProcessor: 0x7fa9151cf0e0>: {
}
2018-03-09 18:16:45 +0000  Entitlements for <IDEDistributionItem: 0x7fa91ac25550 'com.apple.dt.runtime.swiftQuartzCore' '<DVTFilePath:0x7fa91ad23540:'/Users/jamvi01/Library/Developer/Xcode/Archives/2018-03-09/BlazeDemo 3-9-18, 10.05 AM.xcarchive/Products/Applications/BlazeDemo.app/Frameworks/libswiftQuartzCore.dylib'>'>: {
}
2018-03-09 18:16:45 +0000  Writing entitlements for <IDEDistributionItem: 0x7fa91ac25550 'com.apple.dt.runtime.swiftQuartzCore' '<DVTFilePath:0x7fa91ad23540:'/Users/jamvi01/Library/Developer/Xcode/Archives/2018-03-09/BlazeDemo 3-9-18, 10.05 AM.xcarchive/Products/Applications/BlazeDemo.app/Frameworks/libswiftQuartzCore.dylib'>'> to: /var/folders/rf/3bs3nmnd53s12sk1lz6f5rq51rdg4f/T/XcodeDistPipeline.GjA/entitlements9vPR4r
2018-03-09 18:16:45 +0000  Running /usr/bin/codesign '-vvv' '--force' '--sign' 'F4898C061B3856DF9F015E7EAA7305A4BB3E486F' '--preserve-metadata=identifier,flags' '--entitlements' '/var/folders/rf/3bs3nmnd53s12sk1lz6f5rq51rdg4f/T/XcodeDistPipeline.GjA/entitlements9vPR4r' '/var/folders/rf/3bs3nmnd53s12sk1lz6f5rq51rdg4f/T/XcodeDistPipeline.GjA/Root/Payload/BlazeDemo.app/Frameworks/libswiftQuartzCore.dylib'
2018-03-09 18:16:45 +0000  /var/folders/rf/3bs3nmnd53s12sk1lz6f5rq51rdg4f/T/XcodeDistPipeline.GjA/Root/Payload/BlazeDemo.app/Frameworks/libswiftQuartzCore.dylib: signed Mach-O universal (armv7 armv7s arm64) [com.apple.dt.runtime.swiftQuartzCore]
2018-03-09 18:16:45 +0000  /usr/bin/codesign exited with 0
2018-03-09 18:16:45 +0000  Applying entitlements delta for <IDEDistributionItem: 0x7fa91aa2db20 'com.apple.dt.runtime.swiftUIKit' '<DVTFilePath:0x7fa91502a9a0:'/Users/jamvi01/Library/Developer/Xcode/Archives/2018-03-09/BlazeDemo 3-9-18, 10.05 AM.xcarchive/Products/Applications/BlazeDemo.app/Frameworks/libswiftUIKit.dylib'>'> from <IDEiCloudEntitlementsProcessor: 0x7fa9151b0d80>: {
}
2018-03-09 18:16:45 +0000  Entitlements for <IDEDistributionItem: 0x7fa91aa2db20 'com.apple.dt.runtime.swiftUIKit' '<DVTFilePath:0x7fa91502a9a0:'/Users/jamvi01/Library/Developer/Xcode/Archives/2018-03-09/BlazeDemo 3-9-18, 10.05 AM.xcarchive/Products/Applications/BlazeDemo.app/Frameworks/libswiftUIKit.dylib'>'>: {
}
2018-03-09 18:16:45 +0000  Writing entitlements for <IDEDistributionItem: 0x7fa91aa2db20 'com.apple.dt.runtime.swiftUIKit' '<DVTFilePath:0x7fa91502a9a0:'/Users/jamvi01/Library/Developer/Xcode/Archives/2018-03-09/BlazeDemo 3-9-18, 10.05 AM.xcarchive/Products/Applications/BlazeDemo.app/Frameworks/libswiftUIKit.dylib'>'> to: /var/folders/rf/3bs3nmnd53s12sk1lz6f5rq51rdg4f/T/XcodeDistPipeline.GjA/entitlementsD0xHj1
2018-03-09 18:16:45 +0000  Running /usr/bin/codesign '-vvv' '--force' '--sign' 'F4898C061B3856DF9F015E7EAA7305A4BB3E486F' '--preserve-metadata=identifier,flags' '--entitlements' '/var/folders/rf/3bs3nmnd53s12sk1lz6f5rq51rdg4f/T/XcodeDistPipeline.GjA/entitlementsD0xHj1' '/var/folders/rf/3bs3nmnd53s12sk1lz6f5rq51rdg4f/T/XcodeDistPipeline.GjA/Root/Payload/BlazeDemo.app/Frameworks/libswiftUIKit.dylib'
2018-03-09 18:16:45 +0000  /var/folders/rf/3bs3nmnd53s12sk1lz6f5rq51rdg4f/T/XcodeDistPipeline.GjA/Root/Payload/BlazeDemo.app/Frameworks/libswiftUIKit.dylib: signed Mach-O universal (armv7 armv7s arm64) [com.apple.dt.runtime.swiftUIKit]
2018-03-09 18:16:45 +0000  /usr/bin/codesign exited with 0
2018-03-09 18:16:45 +0000  Applying entitlements delta for <IDEDistributionItem: 0x7fa91af3e6b0 'com.apple.dt.runtime.swiftos' '<DVTFilePath:0x7fa91a816af0:'/Users/jamvi01/Library/Developer/Xcode/Archives/2018-03-09/BlazeDemo 3-9-18, 10.05 AM.xcarchive/Products/Applications/BlazeDemo.app/Frameworks/libswiftos.dylib'>'> from <IDEiCloudEntitlementsProcessor: 0x7fa915c646f0>: {
}
2018-03-09 18:16:45 +0000  Entitlements for <IDEDistributionItem: 0x7fa91af3e6b0 'com.apple.dt.runtime.swiftos' '<DVTFilePath:0x7fa91a816af0:'/Users/jamvi01/Library/Developer/Xcode/Archives/2018-03-09/BlazeDemo 3-9-18, 10.05 AM.xcarchive/Products/Applications/BlazeDemo.app/Frameworks/libswiftos.dylib'>'>: {
}
2018-03-09 18:16:45 +0000  Writing entitlements for <IDEDistributionItem: 0x7fa91af3e6b0 'com.apple.dt.runtime.swiftos' '<DVTFilePath:0x7fa91a816af0:'/Users/jamvi01/Library/Developer/Xcode/Archives/2018-03-09/BlazeDemo 3-9-18, 10.05 AM.xcarchive/Products/Applications/BlazeDemo.app/Frameworks/libswiftos.dylib'>'> to: /var/folders/rf/3bs3nmnd53s12sk1lz6f5rq51rdg4f/T/XcodeDistPipeline.GjA/entitlements7aMN60
2018-03-09 18:16:45 +0000  Running /usr/bin/codesign '-vvv' '--force' '--sign' 'F4898C061B3856DF9F015E7EAA7305A4BB3E486F' '--preserve-metadata=identifier,flags' '--entitlements' '/var/folders/rf/3bs3nmnd53s12sk1lz6f5rq51rdg4f/T/XcodeDistPipeline.GjA/entitlements7aMN60' '/var/folders/rf/3bs3nmnd53s12sk1lz6f5rq51rdg4f/T/XcodeDistPipeline.GjA/Root/Payload/BlazeDemo.app/Frameworks/libswiftos.dylib'
2018-03-09 18:16:45 +0000  /var/folders/rf/3bs3nmnd53s12sk1lz6f5rq51rdg4f/T/XcodeDistPipeline.GjA/Root/Payload/BlazeDemo.app/Frameworks/libswiftos.dylib: signed Mach-O universal (armv7 armv7s arm64) [com.apple.dt.runtime.swiftos]
2018-03-09 18:16:45 +0000  /usr/bin/codesign exited with 0
2018-03-09 18:16:45 +0000  Applying entitlements delta for <IDEDistributionItem: 0x7fa91b8eda80 'CA.BlazeDemo' '<DVTFilePath:0x7fa915fa0860:'/Users/jamvi01/Library/Developer/Xcode/Archives/2018-03-09/BlazeDemo 3-9-18, 10.05 AM.xcarchive/Products/Applications/BlazeDemo.app'>'> from <IDEiCloudEntitlementsProcessor: 0x7fa91a94b4e0>: {
}
2018-03-09 18:16:45 +0000  Entitlements for <IDEDistributionItem: 0x7fa91b8eda80 'CA.BlazeDemo' '<DVTFilePath:0x7fa915fa0860:'/Users/jamvi01/Library/Developer/Xcode/Archives/2018-03-09/BlazeDemo 3-9-18, 10.05 AM.xcarchive/Products/Applications/BlazeDemo.app'>'>: {
    "application-identifier" = "2JJZ96P8P5.CA.BlazeDemo";
    "com.apple.developer.team-identifier" = 2JJZ96P8P5;
    "get-task-allow" = 0;
    "keychain-access-groups" =     (
        "2JJZ96P8P5.CA.BlazeDemo"
    );
}
2018-03-09 18:16:45 +0000  Writing entitlements for <IDEDistributionItem: 0x7fa91b8eda80 'CA.BlazeDemo' '<DVTFilePath:0x7fa915fa0860:'/Users/jamvi01/Library/Developer/Xcode/Archives/2018-03-09/BlazeDemo 3-9-18, 10.05 AM.xcarchive/Products/Applications/BlazeDemo.app'>'> to: /var/folders/rf/3bs3nmnd53s12sk1lz6f5rq51rdg4f/T/XcodeDistPipeline.GjA/entitlementsyJtGML
2018-03-09 18:16:45 +0000  Running /usr/bin/codesign '-vvv' '--force' '--sign' 'F4898C061B3856DF9F015E7EAA7305A4BB3E486F' '--preserve-metadata=identifier,flags' '--entitlements' '/var/folders/rf/3bs3nmnd53s12sk1lz6f5rq51rdg4f/T/XcodeDistPipeline.GjA/entitlementsyJtGML' '/var/folders/rf/3bs3nmnd53s12sk1lz6f5rq51rdg4f/T/XcodeDistPipeline.GjA/Root/Payload/BlazeDemo.app'
2018-03-09 18:16:46 +0000  /var/folders/rf/3bs3nmnd53s12sk1lz6f5rq51rdg4f/T/XcodeDistPipeline.GjA/Root/Payload/BlazeDemo.app: signed app bundle with Mach-O universal (armv7 arm64) [CA.BlazeDemo]
2018-03-09 18:16:46 +0000  /usr/bin/codesign exited with 0
2018-03-09 18:16:46 +0000  Processing step: IDEDistributionStreamingZipItemStep
2018-03-09 18:16:46 +0000  Skipping step: IDEDistributionStreamingZipItemStep because it said so
2018-03-09 18:16:46 +0000  Skipping step: IDEDistributionStreamingZipItemStep because it said so
2018-03-09 18:16:46 +0000  Skipping step: IDEDistributionStreamingZipItemStep because it said so
2018-03-09 18:16:46 +0000  Skipping step: IDEDistributionStreamingZipItemStep because it said so
2018-03-09 18:16:46 +0000  Skipping step: IDEDistributionStreamingZipItemStep because it said so
2018-03-09 18:16:46 +0000  Skipping step: IDEDistributionStreamingZipItemStep because it said so
2018-03-09 18:16:46 +0000  Skipping step: IDEDistributionStreamingZipItemStep because it said so
2018-03-09 18:16:46 +0000  Skipping step: IDEDistributionStreamingZipItemStep because it said so
2018-03-09 18:16:46 +0000  Skipping step: IDEDistributionStreamingZipItemStep because it said so
2018-03-09 18:16:46 +0000  Skipping step: IDEDistributionStreamingZipItemStep because it said so
2018-03-09 18:16:46 +0000  Skipping step: IDEDistributionStreamingZipItemStep because it said so
2018-03-09 18:16:46 +0000  Skipping step: IDEDistributionStreamingZipItemStep because it said so
2018-03-09 18:16:46 +0000  Skipping step: IDEDistributionStreamingZipItemStep because it said so
2018-03-09 18:16:46 +0000  Processing step: IDEDistributionCreateIPAStep
2018-03-09 18:16:46 +0000  Running /usr/bin/ditto '-V' '-c' '-k' '--norsrc' '/var/folders/rf/3bs3nmnd53s12sk1lz6f5rq51rdg4f/T/XcodeDistPipeline.GjA/Root' '/var/folders/rf/3bs3nmnd53s12sk1lz6f5rq51rdg4f/T/XcodeDistPipeline.GjA/Packages/BlazeDemo.ipa'
2018-03-09 18:16:46 +0000  >>> Copying /var/folders/rf/3bs3nmnd53s12sk1lz6f5rq51rdg4f/T/XcodeDistPipeline.GjA/Root 
2018-03-09 18:16:46 +0000  copying file ./Payload/BlazeDemo.app/_CodeSignature/CodeResources ... 
2018-03-09 18:16:46 +0000  8645 bytes for ./Payload/BlazeDemo.app/_CodeSignature/CodeResources
2018-03-09 18:16:46 +0000  copying file ./Payload/BlazeDemo.app/archived-expanded-entitlements.xcent ... 
2018-03-09 18:16:46 +0000  362 bytes for ./Payload/BlazeDemo.app/archived-expanded-entitlements.xcent
2018-03-09 18:16:46 +0000  copying file ./Payload/BlazeDemo.app/Base.lproj/LaunchScreen.storyboardc/01J-lp-oVM-view-Ze5-6b-2t3.nib ... 
2018-03-09 18:16:46 +0000  1988 bytes for ./Payload/BlazeDemo.app/Base.lproj/LaunchScreen.storyboardc/01J-lp-oVM-view-Ze5-6b-2t3.nib
copying file ./Payload/BlazeDemo.app/Base.lproj/LaunchScreen.storyboardc/Info.plist ... 
2018-03-09 18:16:46 +0000  258 bytes for ./Payload/BlazeDemo.app/Base.lproj/LaunchScreen.storyboardc/Info.plist
copying file ./Payload/BlazeDemo.app/Base.lproj/LaunchScreen.storyboardc/UIViewController-01J-lp-oVM.nib ... 
2018-03-09 18:16:46 +0000  832 bytes for ./Payload/BlazeDemo.app/Base.lproj/LaunchScreen.storyboardc/UIViewController-01J-lp-oVM.nib
copying file ./Payload/BlazeDemo.app/Base.lproj/Main.storyboardc/Info.plist ... 
2018-03-09 18:16:46 +0000  258 bytes for ./Payload/BlazeDemo.app/Base.lproj/Main.storyboardc/Info.plist
2018-03-09 18:16:46 +0000  copying file ./Payload/BlazeDemo.app/Base.lproj/Main.storyboardc/UIViewController-BYZ-38-t0r.nib ... 
2018-03-09 18:16:46 +0000  821 bytes for ./Payload/BlazeDemo.app/Base.lproj/Main.storyboardc/UIViewController-BYZ-38-t0r.nib
copying file ./Payload/BlazeDemo.app/BlazeDemo ... 
2018-03-09 18:16:46 +0000  200336 bytes for ./Payload/BlazeDemo.app/BlazeDemo
copying file ./Payload/BlazeDemo.app/embedded.mobileprovision ... 
2018-03-09 18:16:46 +0000  14098 bytes for ./Payload/BlazeDemo.app/embedded.mobileprovision
2018-03-09 18:16:46 +0000  copying file ./Payload/BlazeDemo.app/Frameworks/libswiftCore.dylib ... 
2018-03-09 18:16:46 +0000  21079936 bytes for ./Payload/BlazeDemo.app/Frameworks/libswiftCore.dylib
copying file ./Payload/BlazeDemo.app/Frameworks/libswiftCoreFoundation.dylib ... 
2018-03-09 18:16:46 +0000  208640 bytes for ./Payload/BlazeDemo.app/Frameworks/libswiftCoreFoundation.dylib
copying file ./Payload/BlazeDemo.app/Frameworks/libswiftCoreGraphics.dylib ... 
2018-03-09 18:16:46 +0000  578096 bytes for ./Payload/BlazeDemo.app/Frameworks/libswiftCoreGraphics.dylib
copying file ./Payload/BlazeDemo.app/Frameworks/libswiftCoreImage.dylib ... 
2018-03-09 18:16:47 +0000  209200 bytes for ./Payload/BlazeDemo.app/Frameworks/libswiftCoreImage.dylib
copying file ./Payload/BlazeDemo.app/Frameworks/libswiftDarwin.dylib ... 
2018-03-09 18:16:47 +0000  303408 bytes for ./Payload/BlazeDemo.app/Frameworks/libswiftDarwin.dylib
copying file ./Payload/BlazeDemo.app/Frameworks/libswiftDispatch.dylib ... 
2018-03-09 18:16:47 +0000  1009600 bytes for ./Payload/BlazeDemo.app/Frameworks/libswiftDispatch.dylib
copying file ./Payload/BlazeDemo.app/Frameworks/libswiftFoundation.dylib ... 
2018-03-09 18:16:47 +0000  8413632 bytes for ./Payload/BlazeDemo.app/Frameworks/libswiftFoundation.dylib
2018-03-09 18:16:47 +0000  copying file ./Payload/BlazeDemo.app/Frameworks/libswiftMetal.dylib ... 
2018-03-09 18:16:47 +0000  251600 bytes for ./Payload/BlazeDemo.app/Frameworks/libswiftMetal.dylib
copying file ./Payload/BlazeDemo.app/Frameworks/libswiftObjectiveC.dylib ... 
2018-03-09 18:16:47 +0000  259280 bytes for ./Payload/BlazeDemo.app/Frameworks/libswiftObjectiveC.dylib
copying file ./Payload/BlazeDemo.app/Frameworks/libswiftos.dylib ... 
2018-03-09 18:16:47 +0000  249248 bytes for ./Payload/BlazeDemo.app/Frameworks/libswiftos.dylib
2018-03-09 18:16:47 +0000  copying file ./Payload/BlazeDemo.app/Frameworks/libswiftQuartzCore.dylib ... 
2018-03-09 18:16:47 +0000  212560 bytes for ./Payload/BlazeDemo.app/Frameworks/libswiftQuartzCore.dylib
copying file ./Payload/BlazeDemo.app/Frameworks/libswiftUIKit.dylib ... 
2018-03-09 18:16:47 +0000  361840 bytes for ./Payload/BlazeDemo.app/Frameworks/libswiftUIKit.dylib
2018-03-09 18:16:47 +0000  copying file ./Payload/BlazeDemo.app/Info.plist ... 
1192 bytes for ./Payload/BlazeDemo.app/Info.plist
copying file ./Payload/BlazeDemo.app/PkgInfo ... 
8 bytes for ./Payload/BlazeDemo.app/PkgInfo
2018-03-09 18:16:47 +0000  /usr/bin/ditto exited with 0
2018-03-09 18:16:47 +0000  Processing step: IDEDistributionCreateManifestStep
